<?xml version="1.0" encoding="UTF-8"?>
<!-- Generated by org.testng.reporters.JUnitReportReporter -->
<testsuite hostname="Barani" failures="0" tests="1" name="com.inetbanking.testCases.TC_LogInTest_001" time="7.087" errors="0" timestamp="2022-06-03T17:54:20 IST" skipped="0">
  <testcase classname="com.inetbanking.testCases.TC_LogInTest_001" name="loginTest" time="7.087"/>
  <system-out/>
</testsuite> <!-- com.inetbanking.testCases.TC_LogInTest_001 -->
